This is pdfTeX, Version 3.14159265-2.6-1.40.19 (TeX Live 2019/dev/Debian) (preloaded format=pdflatex 2020.10.16)  22 DEC 2020 19:57
entering extended mode
 restricted \write18 enabled.
 %&-line parsing enabled.
**/home/jirka/Projects/latex-template/projekt.tex
(/home/jirka/Projects/latex-template/projekt.tex
LaTeX2e <2018-12-01>
(/usr/share/texlive/texmf-dist/tex/latex/base/article.cls
Document Class: article 2018/09/03 v1.4i Standard LaTeX document class
(/usr/share/texlive/texmf-dist/tex/latex/base/size12.clo
File: size12.clo 2018/09/03 v1.4i Standard LaTeX file (size option)
)
\c@part=\count80
\c@section=\count81
\c@subsection=\count82
\c@subsubsection=\count83
\c@paragraph=\count84
\c@subparagraph=\count85
\c@figure=\count86
\c@table=\count87
\abovecaptionskip=\skip41
\belowcaptionskip=\skip42
\bibindent=\dimen102
)
(/usr/share/texlive/texmf-dist/tex/latex/base/inputenc.sty
Package: inputenc 2018/08/11 v1.3c Input encoding file
\inpenc@prehook=\toks14
\inpenc@posthook=\toks15
)
(/usr/share/texlive/texmf-dist/tex/generic/babel/babel.sty
Package: babel 2018/11/13 3.27 The Babel package

(/usr/share/texlive/texmf-dist/tex/generic/babel/switch.def
File: switch.def 2018/11/13 3.27 Babel switching mechanism
)
(/usr/share/texlive/texmf-dist/tex/generic/babel-czech/czech.ldf
Language: czech 2008/07/06 v3.1a Czech support from the babel system

(/usr/share/texlive/texmf-dist/tex/generic/babel/babel.def
File: babel.def 2018/11/13 3.27 Babel common definitions
\babel@savecnt=\count88
\U@D=\dimen103

(/usr/share/texlive/texmf-dist/tex/generic/babel/txtbabel.def)
\bbl@dirlevel=\count89
)
Package babel Info: Making " an active character on input line 172.
\cs@wordlen=\count90
Package babel Info: Making - an active character on input line 226.
))
(/usr/share/texlive/texmf-dist/tex/latex/base/fontenc.sty
Package: fontenc 2018/08/11 v2.0j Standard LaTeX package

(/usr/share/texlive/texmf-dist/tex/latex/base/t1enc.def
File: t1enc.def 2018/08/11 v2.0j Standard LaTeX file
LaTeX Font Info:    Redeclaring font encoding T1 on input line 48.
))
(/usr/share/texlive/texmf-dist/tex/latex/geometry/geometry.sty
Package: geometry 2018/04/16 v5.8 Page Geometry

(/usr/share/texlive/texmf-dist/tex/latex/graphics/keyval.sty
Package: keyval 2014/10/28 v1.15 key=value parser (DPC)
\KV@toks@=\toks16
)
(/usr/share/texlive/texmf-dist/tex/generic/oberdiek/ifpdf.sty
Package: ifpdf 2018/09/07 v3.3 Provides the ifpdf switch
)
(/usr/share/texlive/texmf-dist/tex/generic/oberdiek/ifvtex.sty
Package: ifvtex 2016/05/16 v1.6 Detect VTeX and its facilities (HO)
Package ifvtex Info: VTeX not detected.
)
(/usr/share/texlive/texmf-dist/tex/generic/ifxetex/ifxetex.sty
Package: ifxetex 2010/09/12 v0.6 Provides ifxetex conditional
)
\Gm@cnth=\count91
\Gm@cntv=\count92
\c@Gm@tempcnt=\count93
\Gm@bindingoffset=\dimen104
\Gm@wd@mp=\dimen105
\Gm@odd@mp=\dimen106
\Gm@even@mp=\dimen107
\Gm@layoutwidth=\dimen108
\Gm@layoutheight=\dimen109
\Gm@layouthoffset=\dimen110
\Gm@layoutvoffset=\dimen111
\Gm@dimlist=\toks17
)
(/usr/share/texlive/texmf-dist/tex/latex/amsmath/amsmath.sty
Package: amsmath 2018/12/01 v2.17b AMS math features
\@mathmargin=\skip43

For additional information on amsmath, use the `?' option.
(/usr/share/texlive/texmf-dist/tex/latex/amsmath/amstext.sty
Package: amstext 2000/06/29 v2.01 AMS text

(/usr/share/texlive/texmf-dist/tex/latex/amsmath/amsgen.sty
File: amsgen.sty 1999/11/30 v2.0 generic functions
\@emptytoks=\toks18
\ex@=\dimen112
))
(/usr/share/texlive/texmf-dist/tex/latex/amsmath/amsbsy.sty
Package: amsbsy 1999/11/29 v1.2d Bold Symbols
\pmbraise@=\dimen113
)
(/usr/share/texlive/texmf-dist/tex/latex/amsmath/amsopn.sty
Package: amsopn 2016/03/08 v2.02 operator names
)
\inf@bad=\count94
LaTeX Info: Redefining \frac on input line 223.
\uproot@=\count95
\leftroot@=\count96
LaTeX Info: Redefining \overline on input line 385.
\classnum@=\count97
\DOTSCASE@=\count98
LaTeX Info: Redefining \ldots on input line 482.
LaTeX Info: Redefining \dots on input line 485.
LaTeX Info: Redefining \cdots on input line 606.
\Mathstrutbox@=\box27
\strutbox@=\box28
\big@size=\dimen114
LaTeX Font Info:    Redeclaring font encoding OML on input line 729.
LaTeX Font Info:    Redeclaring font encoding OMS on input line 730.
\macc@depth=\count99
\c@MaxMatrixCols=\count100
\dotsspace@=\muskip10
\c@parentequation=\count101
\dspbrk@lvl=\count102
\tag@help=\toks19
\row@=\count103
\column@=\count104
\maxfields@=\count105
\andhelp@=\toks20
\eqnshift@=\dimen115
\alignsep@=\dimen116
\tagshift@=\dimen117
\tagwidth@=\dimen118
\totwidth@=\dimen119
\lineht@=\dimen120
\@envbody=\toks21
\multlinegap=\skip44
\multlinetaggap=\skip45
\mathdisplay@stack=\toks22
LaTeX Info: Redefining \[ on input line 2844.
LaTeX Info: Redefining \] on input line 2845.
)
(/usr/share/texlive/texmf-dist/tex/latex/amsfonts/amsfonts.sty
Package: amsfonts 2013/01/14 v3.01 Basic AMSFonts support
\symAMSa=\mathgroup4
\symAMSb=\mathgroup5
LaTeX Font Info:    Overwriting math alphabet `\mathfrak' in version `bold'
(Font)                  U/euf/m/n --> U/euf/b/n on input line 106.
)
(/usr/share/texlive/texmf-dist/tex/latex/amsfonts/amssymb.sty
Package: amssymb 2013/01/14 v3.01 AMS font symbols
)
(/usr/share/texlive/texmf-dist/tex/latex/tools/enumerate.sty
Package: enumerate 2015/07/23 v3.00 enumerate extensions (DPC)
\@enLab=\toks23
)
(/usr/share/texlive/texmf-dist/tex/latex/was/gensymb.sty
Package: gensymb 2003/07/02 v1.0 (WaS)
)
(/usr/share/texlive/texmf-dist/tex/latex/marvosym/marvosym.sty
Package: marvosym 2011/07/20 v2.2 Martin Vogel's Symbols font definitions
)
(/usr/share/texlive/texmf-dist/tex/latex/psnfss/times.sty
Package: times 2005/04/12 PSNFSS-v9.2a (SPQR) 
)
(/usr/share/texlive/texmf-dist/tex/latex/environ/environ.sty
Package: environ 2014/05/04 v0.3 A new way to define environments

(/usr/share/texlive/texmf-dist/tex/latex/trimspaces/trimspaces.sty
Package: trimspaces 2009/09/17 v1.1 Trim spaces around a token list
))
(/usr/share/texlive/texmf-dist/tex/latex/tools/tabularx.sty
Package: tabularx 2016/02/03 v2.11b `tabularx' package (DPC)

(/usr/share/texlive/texmf-dist/tex/latex/tools/array.sty
Package: array 2018/12/30 v2.4k Tabular extension package (FMi)
\col@sep=\dimen121
\ar@mcellbox=\box29
\extrarowheight=\dimen122
\NC@list=\toks24
\extratabsurround=\skip46
\backup@length=\skip47
\ar@cellbox=\box30
)
\TX@col@width=\dimen123
\TX@old@table=\dimen124
\TX@old@col=\dimen125
\TX@target=\dimen126
\TX@delta=\dimen127
\TX@cols=\count106
\TX@ftn=\toks25
)
(/usr/share/texlive/texmf-dist/tex/latex/graphics/graphicx.sty
Package: graphicx 2017/06/01 v1.1a Enhanced LaTeX Graphics (DPC,SPQR)

(/usr/share/texlive/texmf-dist/tex/latex/graphics/graphics.sty
Package: graphics 2017/06/25 v1.2c Standard LaTeX Graphics (DPC,SPQR)

(/usr/share/texlive/texmf-dist/tex/latex/graphics/trig.sty
Package: trig 2016/01/03 v1.10 sin cos tan (DPC)
)
(/usr/share/texlive/texmf-dist/tex/latex/graphics-cfg/graphics.cfg
File: graphics.cfg 2016/06/04 v1.11 sample graphics configuration
)
Package graphics Info: Driver file: pdftex.def on input line 99.

(/usr/share/texlive/texmf-dist/tex/latex/graphics-def/pdftex.def
File: pdftex.def 2018/01/08 v1.0l Graphics/color driver for pdftex
))
\Gin@req@height=\dimen128
\Gin@req@width=\dimen129
)
(/usr/share/texlive/texmf-dist/tex/latex/fancyhdr/fancyhdr.sty
Package: fancyhdr 2019/01/31 v3.10 Extensive control of page headers and footer
s
\f@nch@headwidth=\skip48
\f@nch@O@elh=\skip49
\f@nch@O@erh=\skip50
\f@nch@O@olh=\skip51
\f@nch@O@orh=\skip52
\f@nch@O@elf=\skip53
\f@nch@O@erf=\skip54
\f@nch@O@olf=\skip55
\f@nch@O@orf=\skip56
)
(/usr/share/texlive/texmf-dist/tex/latex/base/ifthen.sty
Package: ifthen 2014/09/29 v1.1c Standard LaTeX ifthen package (DPC)
)
(/usr/share/texlive/texmf-dist/tex/latex/l3packages/xparse/xparse.sty
(/usr/share/texlive/texmf-dist/tex/latex/l3kernel/expl3.sty
Package: expl3 2019-02-15 L3 programming layer (loader) 

(/usr/share/texlive/texmf-dist/tex/latex/l3kernel/expl3-code.tex
Package: expl3 2019-02-15 L3 programming layer (code)
\c_max_int=\count107
\l_tmpa_int=\count108
\l_tmpb_int=\count109
\g_tmpa_int=\count110
\g_tmpb_int=\count111
\g__kernel_prg_map_int=\count112
\c_log_iow=\count113
\l_iow_line_count_int=\count114
\l__iow_line_target_int=\count115
\l__iow_one_indent_int=\count116
\l__iow_indent_int=\count117
\c_zero_dim=\dimen130
\c_max_dim=\dimen131
\l_tmpa_dim=\dimen132
\l_tmpb_dim=\dimen133
\g_tmpa_dim=\dimen134
\g_tmpb_dim=\dimen135
\c_zero_skip=\skip57
\c_max_skip=\skip58
\l_tmpa_skip=\skip59
\l_tmpb_skip=\skip60
\g_tmpa_skip=\skip61
\g_tmpb_skip=\skip62
\c_zero_muskip=\muskip11
\c_max_muskip=\muskip12
\l_tmpa_muskip=\muskip13
\l_tmpb_muskip=\muskip14
\g_tmpa_muskip=\muskip15
\g_tmpb_muskip=\muskip16
\l_keys_choice_int=\count118
\l__intarray_loop_int=\count119
\c__intarray_sp_dim=\dimen136
\g__intarray_font_int=\count120
\c__fp_leading_shift_int=\count121
\c__fp_middle_shift_int=\count122
\c__fp_trailing_shift_int=\count123
\c__fp_big_leading_shift_int=\count124
\c__fp_big_middle_shift_int=\count125
\c__fp_big_trailing_shift_int=\count126
\c__fp_Bigg_leading_shift_int=\count127
\c__fp_Bigg_middle_shift_int=\count128
\c__fp_Bigg_trailing_shift_int=\count129
\c__kernel_randint_max_int=\count130
\g__fp_array_int=\count131
\l__fp_array_loop_int=\count132
\l__sort_length_int=\count133
\l__sort_min_int=\count134
\l__sort_top_int=\count135
\l__sort_max_int=\count136
\l__sort_true_max_int=\count137
\l__sort_block_int=\count138
\l__sort_begin_int=\count139
\l__sort_end_int=\count140
\l__sort_A_int=\count141
\l__sort_B_int=\count142
\l__sort_C_int=\count143
\l__tl_analysis_normal_int=\count144
\l__tl_analysis_index_int=\count145
\l__tl_analysis_nesting_int=\count146
\l__tl_analysis_type_int=\count147
\l__regex_internal_a_int=\count148
\l__regex_internal_b_int=\count149
\l__regex_internal_c_int=\count150
\l__regex_balance_int=\count151
\l__regex_group_level_int=\count152
\l__regex_mode_int=\count153
\c__regex_cs_in_class_mode_int=\count154
\c__regex_cs_mode_int=\count155
\l__regex_catcodes_int=\count156
\l__regex_default_catcodes_int=\count157
\c__regex_catcode_D_int=\count158
\c__regex_catcode_S_int=\count159
\c__regex_catcode_L_int=\count160
\c__regex_catcode_O_int=\count161
\c__regex_catcode_A_int=\count162
\c__regex_all_catcodes_int=\count163
\l__regex_show_lines_int=\count164
\l__regex_min_state_int=\count165
\l__regex_max_state_int=\count166
\l__regex_left_state_int=\count167
\l__regex_right_state_int=\count168
\l__regex_capturing_group_int=\count169
\l__regex_min_pos_int=\count170
\l__regex_max_pos_int=\count171
\l__regex_curr_pos_int=\count172
\l__regex_start_pos_int=\count173
\l__regex_success_pos_int=\count174
\l__regex_curr_char_int=\count175
\l__regex_curr_catcode_int=\count176
\l__regex_last_char_int=\count177
\l__regex_case_changed_char_int=\count178
\l__regex_curr_state_int=\count179
\l__regex_step_int=\count180
\l__regex_min_active_int=\count181
\l__regex_max_active_int=\count182
\l__regex_replacement_csnames_int=\count183
\l__regex_match_count_int=\count184
\l__regex_min_submatch_int=\count185
\l__regex_submatch_int=\count186
\l__regex_zeroth_submatch_int=\count187
\g__regex_trace_regex_int=\count188
\c_empty_box=\box31
\l_tmpa_box=\box32
\l_tmpb_box=\box33
\g_tmpa_box=\box34
\g_tmpb_box=\box35
\l__box_top_dim=\dimen137
\l__box_bottom_dim=\dimen138
\l__box_left_dim=\dimen139
\l__box_right_dim=\dimen140
\l__box_top_new_dim=\dimen141
\l__box_bottom_new_dim=\dimen142
\l__box_left_new_dim=\dimen143
\l__box_right_new_dim=\dimen144
\l__box_internal_box=\box36
\l__coffin_internal_box=\box37
\l__coffin_internal_dim=\dimen145
\l__coffin_offset_x_dim=\dimen146
\l__coffin_offset_y_dim=\dimen147
\l__coffin_x_dim=\dimen148
\l__coffin_y_dim=\dimen149
\l__coffin_x_prime_dim=\dimen150
\l__coffin_y_prime_dim=\dimen151
\c_empty_coffin=\box38
\l__coffin_aligned_coffin=\box39
\l__coffin_aligned_internal_coffin=\box40
\l_tmpa_coffin=\box41
\l_tmpb_coffin=\box42
\g_tmpa_coffin=\box43
\g_tmpb_coffin=\box44
\c__coffin_empty_coffin=\box45
\l__coffin_display_coffin=\box46
\l__coffin_display_coord_coffin=\box47
\l__coffin_display_pole_coffin=\box48
\l__coffin_display_offset_dim=\dimen152
\l__coffin_display_x_dim=\dimen153
\l__coffin_display_y_dim=\dimen154
\g__file_internal_ior=\read1
\l__coffin_bounding_shift_dim=\dimen155
\l__coffin_left_corner_dim=\dimen156
\l__coffin_right_corner_dim=\dimen157
\l__coffin_bottom_corner_dim=\dimen158
\l__coffin_top_corner_dim=\dimen159
\l__coffin_scaled_total_height_dim=\dimen160
\l__coffin_scaled_width_dim=\dimen161
\l__seq_internal_a_int=\count189
\l__seq_internal_b_int=\count190
)
(/usr/share/texlive/texmf-dist/tex/latex/l3kernel/l3pdfmode.def
File: l3pdfmode.def 2019-02-15 v L3 Experimental driver: PDF mode
\l__driver_color_stack_int=\count191
))
Package: xparse 2018-10-17 L3 Experimental document command parser
\l__xparse_current_arg_int=\count192
\g__xparse_grabber_int=\count193
\l__xparse_m_args_int=\count194
\l__xparse_mandatory_args_int=\count195
\l__xparse_v_nesting_int=\count196
)
(/usr/share/texlive/texmf-dist/tex/latex/pdfpages/pdfpages.sty
Package: pdfpages 2017/10/31 v0.5l Insert pages of external PDF documents (AM)

(/usr/share/texlive/texmf-dist/tex/latex/tools/calc.sty
Package: calc 2017/05/25 v4.3 Infix arithmetic (KKT,FJ)
\calc@Acount=\count197
\calc@Bcount=\count198
\calc@Adimen=\dimen162
\calc@Bdimen=\dimen163
\calc@Askip=\skip63
\calc@Bskip=\skip64
LaTeX Info: Redefining \setlength on input line 80.
LaTeX Info: Redefining \addtolength on input line 81.
\calc@Ccount=\count199
\calc@Cskip=\skip65
)
(/usr/share/texlive/texmf-dist/tex/latex/eso-pic/eso-pic.sty
Package: eso-pic 2018/04/12 v2.0h eso-pic (RN)

(/usr/share/texlive/texmf-dist/tex/generic/oberdiek/atbegshi.sty
Package: atbegshi 2016/06/09 v1.18 At begin shipout hook (HO)

(/usr/share/texlive/texmf-dist/tex/generic/oberdiek/infwarerr.sty
Package: infwarerr 2016/05/16 v1.4 Providing info/warning/error messages (HO)
)
(/usr/share/texlive/texmf-dist/tex/generic/oberdiek/ltxcmds.sty
Package: ltxcmds 2016/05/16 v1.23 LaTeX kernel commands for general use (HO)
))
(/usr/share/texlive/texmf-dist/tex/latex/xcolor/xcolor.sty
Package: xcolor 2016/05/11 v2.12 LaTeX color extensions (UK)

(/usr/share/texlive/texmf-dist/tex/latex/graphics-cfg/color.cfg
File: color.cfg 2016/01/02 v1.6 sample color configuration
)
Package xcolor Info: Driver file: pdftex.def on input line 225.
Package xcolor Info: Model `cmy' substituted by `cmy0' on input line 1348.
Package xcolor Info: Model `hsb' substituted by `rgb' on input line 1352.
Package xcolor Info: Model `RGB' extended on input line 1364.
Package xcolor Info: Model `HTML' substituted by `rgb' on input line 1366.
Package xcolor Info: Model `Hsb' substituted by `hsb' on input line 1367.
Package xcolor Info: Model `tHsb' substituted by `hsb' on input line 1368.
Package xcolor Info: Model `HSB' substituted by `hsb' on input line 1369.
Package xcolor Info: Model `Gray' substituted by `gray' on input line 1370.
Package xcolor Info: Model `wave' substituted by `hsb' on input line 1371.
))
\AM@pagewidth=\dimen164
\AM@pageheight=\dimen165

(/usr/share/texlive/texmf-dist/tex/latex/pdfpages/pppdftex.def
File: pppdftex.def 2017/10/31 v0.5l Pdfpages driver for pdfTeX (AM)
)
\AM@pagebox=\box49
\AM@global@opts=\toks26
\AM@toc@title=\toks27
\c@AM@survey=\count266
\AM@templatesizebox=\box50
)
(/usr/share/texlive/texmf-dist/tex/latex/etoolbox/etoolbox.sty
Package: etoolbox 2018/08/19 v2.5f e-TeX tools for LaTeX (JAW)
\etb@tempcnta=\count267
)
(/usr/share/texlive/texmf-dist/tex/latex/appendix/appendix.sty
Package: appendix 2009/09/02 v1.2b extra appendix facilities
\c@@pps=\count268
\c@@ppsavesec=\count269
\c@@ppsaveapp=\count270
)
(/usr/share/texlive/texmf-dist/tex/latex/musixtex/musixtex.sty
(/usr/share/texlive/texmf-dist/tex/generic/musixtex/musixtex.tex
MusiXTeX(c) 1.29 <2018-08-04>
\n@i=\count271
\n@ii=\count272
\n@iii=\count273
\n@iv=\count274
\n@v=\count275
\n@vi=\count276
\n@vii=\count277
\n@viii=\count278
\count@=\count279
\toks@box=\box51
\w@rkbox=\box52
\n@otebox=\box53
\y@=\dimen166
\y@i=\dimen167
\y@ii=\dimen168
\y@iii=\dimen169
\y@iv=\dimen170
\y@v=\dimen171
\group@no=\count280
\interinstrument=\dimen172
\N@s=\count281
\s@Y=\dimen173
\lin@pos=\dimen174
\meet@minus@n@iv=\count282
\interbeam=\dimen175
\b@amthick=\dimen176
\Interligne=\dimen177
\Internote=\dimen178
\ch@box=\box54
\musicsize=\count283
\qd@skip=\dimen179
\qn@width=\dimen180
\wn@width=\dimen181
\txt@ff=\skip66
\s@indent=\skip67
\big@spc=\skip68
\lthick=\dimen182
\afterruleskip=\skip69
\staffbotmarg=\dimen183
\stafftopmarg=\dimen184
\line@width=\dimen185
\interportee=\dimen186
\noport@@=\count284
\noinstrum@nt=\count285
\altportee=\dimen187
\systemheight=\dimen188
\altplancher=\dimen189
\instrum@in@group=\skip70
\boxitsep=\skip71
\barsinpi@c@=\count286
\barno=\count287
\startbarno=\count288
\sign@skip=\dimen190
\maxsign@skip=\dimen191
\x@skip=\dimen192
\n@skip=\dimen193
\beforeruleskip=\skip72
\widthtyp@=\count289
\lastbarno=\count290
\cut@v=\skip73
\init@volta@pos=\skip74
\volta@startcor=\skip75
\volta@endcor=\skip76
\writ@volta@box=\box55
\barsinlin@=\count291
\maxbarsinlin@=\count292
\lastbarpos=\skip77
\ut@ref=\count293
\meterskip=\skip78
\t@c=\toks28
\clef@skip=\skip79
\noteskip=\dimen194
\transpose=\count294
\normaltranspose=\count295
\locx@skip=\dimen195
\elemskip=\dimen196
\@l@mskip=\dimen197
\inh@alt=\count296
\st@bot=\dimen198
\st@top=\dimen199
\stem@skip=\dimen256
\s@lope=\dimen257
\y@vi=\dimen258
\lift@rest=\dimen259
\accshift=\skip80
\@icresc=\skip81
\pdl@pos=\dimen260
\bigwedgebox=\box56
\@itrillei=\skip82
\@itrilleii=\skip83
\@itrilleiii=\skip84
\@itrilleiv=\skip85
\@itrillev=\skip86
\@itrillevi=\skip87
\tr@number=\count297
\tr@nspose=\count298
\o@swz=\toks29
\o@number=\count299
\y@vii=\dimen261
\y@viii=\dimen262
\y@ix=\dimen263
\tuptxtb@x=\box57
\notes@open=\count300
\k@ii=\skip88
\i@ni=\dimen264
\b@xi=\dimen265
\b@zi=\dimen266
\c@xi=\dimen267
\c@zi=\skip89
\d@xi=\dimen268
\d@zi=\skip90
\e@xi=\dimen269
\e@zi=\skip91
\b@pi=\count301
\b@ni=\count302
\n@pi=\count303
\a@si=\count304
\o@si=\count305
\a@ci=\toks30
\o@ci=\toks31
\m@ti=\toks32
\k@iii=\skip92
\i@nii=\dimen270
\b@xii=\dimen271
\b@zii=\dimen272
\c@xii=\dimen273
\c@zii=\skip93
\d@xii=\dimen274
\d@zii=\skip94
\e@xii=\dimen275
\e@zii=\skip95
\b@pii=\count306
\b@nii=\count307
\n@pii=\count308
\a@sii=\count309
\o@sii=\count310
\a@cii=\toks33
\o@cii=\toks34
\m@tii=\toks35
\k@iiii=\skip96
\i@niii=\dimen276
\b@xiii=\dimen277
\b@ziii=\dimen278
\c@xiii=\dimen279
\c@ziii=\skip97
\d@xiii=\dimen280
\d@ziii=\skip98
\e@xiii=\dimen281
\e@ziii=\skip99
\b@piii=\count311
\b@niii=\count312
\n@piii=\count313
\a@siii=\count314
\o@siii=\count315
\a@ciii=\toks36
\o@ciii=\toks37
\m@tiii=\toks38
\k@iiv=\skip100
\i@niv=\dimen282
\b@xiv=\dimen283
\b@ziv=\dimen284
\c@xiv=\dimen285
\c@ziv=\skip101
\d@xiv=\dimen286
\d@ziv=\skip102
\e@xiv=\dimen287
\e@ziv=\skip103
\b@piv=\count316
\b@niv=\count317
\n@piv=\count318
\a@siv=\count319
\o@siv=\count320
\a@civ=\toks39
\o@civ=\toks40
\m@tiv=\toks41
\k@iv=\skip104
\i@nv=\dimen288
\b@xv=\dimen289
\b@zv=\dimen290
\c@xv=\dimen291
\c@zv=\skip105
\d@xv=\dimen292
\d@zv=\skip106
\e@xv=\dimen293
\e@zv=\skip107
\b@pv=\count321
\b@nv=\count322
\n@pv=\count323
\a@sv=\count324
\o@sv=\count325
\a@cv=\toks42
\o@cv=\toks43
\m@tv=\toks44
\k@ivi=\skip108
\i@nvi=\dimen294
\b@xvi=\dimen295
\b@zvi=\dimen296
\c@xvi=\dimen297
\c@zvi=\skip109
\d@xvi=\dimen298
\d@zvi=\skip110
\e@xvi=\dimen299
\e@zvi=\skip111
\b@pvi=\count326
\b@nvi=\count327
\n@pvi=\count328
\a@svi=\count329
\o@svi=\count330
\a@cvi=\toks45
\o@cvi=\toks46
\m@tvi=\toks47
maxinstruments=6
\f@xi=\dimen300
\f@zi=\skip112
\f@xii=\dimen301
\f@zii=\skip113
\f@xiii=\dimen302
\f@ziii=\skip114
\f@xiv=\dimen303
\f@ziv=\skip115
\f@xv=\dimen304
\f@zv=\skip116
\f@xvi=\dimen305
\f@zvi=\skip117
 max128beams=6
\g@bi=\skip118
\g@hi=\skip119
\g@bii=\skip120
\g@hii=\skip121
\g@biii=\skip122
\g@hiii=\skip123
 maxgroups=3
\s@xi=\dimen306
\s@si=\toks48
\s@Yi=\dimen307
\s@ai=\skip124
\s@yi=\count331
\s@Ni=\count332
\s@zi=\count333
\s@di=\toks49
\s@xii=\dimen308
\s@sii=\toks50
\s@Yii=\dimen309
\s@aii=\skip125
\s@yii=\count334
\s@Nii=\count335
\s@zii=\count336
\s@dii=\toks51
\s@xiii=\dimen310
\s@siii=\toks52
\s@Yiii=\dimen311
\s@aiii=\skip126
\s@yiii=\count337
\s@Niii=\count338
\s@ziii=\count339
\s@diii=\toks53
\s@xiv=\dimen312
\s@siv=\toks54
\s@Yiv=\dimen313
\s@aiv=\skip127
\s@yiv=\count340
\s@Niv=\count341
\s@ziv=\count342
\s@div=\toks55
\s@xv=\dimen314
\s@sv=\toks56
\s@Yv=\dimen315
\s@av=\skip128
\s@yv=\count343
\s@Nv=\count344
\s@zv=\count345
\s@dv=\toks57
\s@xvi=\dimen316
\s@svi=\toks58
\s@Yvi=\dimen317
\s@avi=\skip129
\s@yvi=\count346
\s@Nvi=\count347
\s@zvi=\count348
\s@dvi=\toks59
 maxslurs=6
\tr@xi=\skip130
\tr@swi=\toks60
\tr@yi=\skip131
\tr@xii=\skip132
\tr@swii=\toks61
\tr@yii=\skip133
\tr@xiii=\skip134
\tr@swiii=\toks62
\tr@yiii=\skip135
\tr@xiv=\skip136
\tr@swiv=\toks63
\tr@yiv=\skip137
\tr@xv=\skip138
\tr@swv=\toks64
\tr@yv=\skip139
\tr@xvi=\skip140
\tr@swvi=\toks65
\tr@yvi=\skip141
 maxtrills=6
\o@xi=\skip142
\o@yi=\skip143
\o@swi=\toks66
\o@xii=\skip144
\o@yii=\skip145
\o@swii=\toks67
\o@xiii=\skip146
\o@yiii=\skip147
\o@swiii=\toks68
\o@xiv=\skip148
\o@yiv=\skip149
\o@swiv=\toks69
\o@xv=\skip150
\o@yv=\skip151
\o@swv=\toks70
\o@xvi=\skip152
\o@yvi=\skip153
\o@swvi=\toks71

maxoctlines=6
\outmux=\write3
\mulooseness=\count349
\linegoal=\count350
\l@eftrightbox=\box58
\stringraise=\count351
\inmux=\read2
) (/usr/share/texlive/texmf-dist/tex/latex/musixtex/musixltx.tex
MusiXLaTeX T.125 <8 April 2017>
)) (/usr/share/texlive/texmf-dist/tex/latex/biblatex/biblatex.sty
Package: biblatex 2018/11/02 v3.12 programmable bibliographies (PK/MW)

(/usr/share/texlive/texmf-dist/tex/generic/oberdiek/pdftexcmds.sty
Package: pdftexcmds 2018/09/10 v0.29 Utility functions of pdfTeX for LuaTeX (HO
)

(/usr/share/texlive/texmf-dist/tex/generic/oberdiek/ifluatex.sty
Package: ifluatex 2016/05/16 v1.4 Provides the ifluatex switch (HO)
Package ifluatex Info: LuaTeX not detected.
)
Package pdftexcmds Info: LuaTeX not detected.
Package pdftexcmds Info: \pdf@primitive is available.
Package pdftexcmds Info: \pdf@ifprimitive is available.
Package pdftexcmds Info: \pdfdraftmode found.
)
(/usr/share/texlive/texmf-dist/tex/latex/oberdiek/kvoptions.sty
Package: kvoptions 2016/05/16 v3.12 Key value format for package options (HO)

(/usr/share/texlive/texmf-dist/tex/generic/oberdiek/kvsetkeys.sty
Package: kvsetkeys 2016/05/16 v1.17 Key value parser (HO)

(/usr/share/texlive/texmf-dist/tex/generic/oberdiek/etexcmds.sty
Package: etexcmds 2016/05/16 v1.6 Avoid name clashes with e-TeX commands (HO)
)))
(/usr/share/texlive/texmf-dist/tex/latex/logreq/logreq.sty
Package: logreq 2010/08/04 v1.0 xml request logger
\lrq@indent=\count352

(/usr/share/texlive/texmf-dist/tex/latex/logreq/logreq.def
File: logreq.def 2010/08/04 v1.0 logreq spec v1.0
))
(/usr/share/texlive/texmf-dist/tex/latex/url/url.sty
\Urlmuskip=\muskip17
Package: url 2013/09/16  ver 3.4  Verb mode for urls, etc.
)
\c@tabx@nest=\count353
\c@listtotal=\count354
\c@listcount=\count355
\c@liststart=\count356
\c@liststop=\count357
\c@citecount=\count358
\c@citetotal=\count359
\c@multicitecount=\count360
\c@multicitetotal=\count361
\c@instcount=\count362
\c@maxnames=\count363
\c@minnames=\count364
\c@maxitems=\count365
\c@minitems=\count366
\c@citecounter=\count367
\c@maxcitecounter=\count368
\c@savedcitecounter=\count369
\c@uniquelist=\count370
\c@uniquename=\count371
\c@refsection=\count372
\c@refsegment=\count373
\c@maxextratitle=\count374
\c@maxextratitleyear=\count375
\c@maxextraname=\count376
\c@maxextradate=\count377
\c@maxextraalpha=\count378
\c@abbrvpenalty=\count379
\c@highnamepenalty=\count380
\c@lownamepenalty=\count381
\c@maxparens=\count382
\c@parenlevel=\count383
\blx@tempcnta=\count384
\blx@tempcntb=\count385
\blx@tempcntc=\count386
\blx@maxsection=\count387
\blx@maxsegment@0=\count388
\blx@notetype=\count389
\blx@parenlevel@text=\count390
\blx@parenlevel@foot=\count391
\blx@sectionciteorder@0=\count392
\blx@entrysetcounter=\count393
\labelnumberwidth=\skip154
\labelalphawidth=\skip155
\biblabelsep=\skip156
\bibitemsep=\skip157
\bibnamesep=\skip158
\bibinitsep=\skip159
\bibparsep=\skip160
\bibhang=\skip161
\blx@bcfin=\read3
\blx@bcfout=\write4
\c@mincomprange=\count394
\c@maxcomprange=\count395
\c@mincompwidth=\count396
Package biblatex Info: Trying to load biblatex default data model...
Package biblatex Info: ... file 'blx-dm.def' found.

(/usr/share/texlive/texmf-dist/tex/latex/biblatex/blx-dm.def
File: blx-dm.def 2018/11/02 v3.12 biblatex localization (PK/MW)
)
Package biblatex Info: Trying to load biblatex style data model...
Package biblatex Info: ... file 'iso-numeric.dbx' found.

(/usr/share/texlive/texmf-dist/tex/latex/biblatex-iso690/iso-numeric.dbx
File: iso-numeric.dbx 2017/04/25 v0.3.2 biblatex data model extension
)
Package biblatex Info: Trying to load biblatex custom data model...
Package biblatex Info: ... file 'biblatex-dm.cfg' not found.
\c@afterword=\count397
\c@savedafterword=\count398
\c@annotator=\count399
\c@savedannotator=\count400
\c@author=\count401
\c@savedauthor=\count402
\c@bookauthor=\count403
\c@savedbookauthor=\count404
\c@commentator=\count405
\c@savedcommentator=\count406
\c@editor=\count407
\c@savededitor=\count408
\c@editora=\count409
\c@savededitora=\count410
\c@editorb=\count411
\c@savededitorb=\count412
\c@editorc=\count413
\c@savededitorc=\count414
\c@foreword=\count415
\c@savedforeword=\count416
\c@holder=\count417
\c@savedholder=\count418
\c@introduction=\count419
\c@savedintroduction=\count420
\c@namea=\count421
\c@savednamea=\count422
\c@nameb=\count423
\c@savednameb=\count424
\c@namec=\count425
\c@savednamec=\count426
\c@translator=\count427
\c@savedtranslator=\count428
\c@shortauthor=\count429
\c@savedshortauthor=\count430
\c@shorteditor=\count431
\c@savedshorteditor=\count432
\c@supervisor=\count433
\c@savedsupervisor=\count434
\c@labelname=\count435
\c@savedlabelname=\count436
\c@institution=\count437
\c@savedinstitution=\count438
\c@lista=\count439
\c@savedlista=\count440
\c@listb=\count441
\c@savedlistb=\count442
\c@listc=\count443
\c@savedlistc=\count444
\c@listd=\count445
\c@savedlistd=\count446
\c@liste=\count447
\c@savedliste=\count448
\c@listf=\count449
\c@savedlistf=\count450
\c@location=\count451
\c@savedlocation=\count452
\c@organization=\count453
\c@savedorganization=\count454
\c@origlocation=\count455
\c@savedoriglocation=\count456
\c@origpublisher=\count457
\c@savedorigpublisher=\count458
\c@publisher=\count459
\c@savedpublisher=\count460
\c@language=\count461
\c@savedlanguage=\count462
\c@origlanguage=\count463
\c@savedoriglanguage=\count464
\c@pageref=\count465
\c@savedpageref=\count466
\shorthandwidth=\skip162
\shortjournalwidth=\skip163
\shortserieswidth=\skip164
\shorttitlewidth=\skip165
\shortauthorwidth=\skip166
\shorteditorwidth=\skip167
\locallabelnumberwidth=\skip168
\locallabelalphawidth=\skip169
\localshorthandwidth=\skip170
\localshortjournalwidth=\skip171
\localshortserieswidth=\skip172
\localshorttitlewidth=\skip173
\localshortauthorwidth=\skip174
\localshorteditorwidth=\skip175
Package biblatex Info: Trying to load compatibility code...
Package biblatex Info: ... file 'blx-compat.def' found.

(/usr/share/texlive/texmf-dist/tex/latex/biblatex/blx-compat.def
File: blx-compat.def 2018/11/02 v3.12 biblatex compatibility (PK/MW)
)
Package biblatex Info: Trying to load generic definitions...
Package biblatex Info: ... file 'biblatex.def' found.

(/usr/share/texlive/texmf-dist/tex/latex/biblatex/biblatex.def
File: biblatex.def 2018/11/02 v3.12 biblatex compatibility (PK/MW)
\c@textcitecount=\count467
\c@textcitetotal=\count468
\c@textcitemaxnames=\count469
\c@biburlnumpenalty=\count470
\c@biburlucpenalty=\count471
\c@biburllcpenalty=\count472
\c@smartand=\count473
)
Package biblatex Info: Trying to load bibliography style 'iso-numeric'...
Package biblatex Info: ... file 'iso-numeric.bbx' found.

(/usr/share/texlive/texmf-dist/tex/latex/biblatex-iso690/iso-numeric.bbx
File: iso-numeric.bbx 2017/04/25 v0.3.2 biblatex bibliography style
Package biblatex Info: Trying to load bibliography style 'iso'...
Package biblatex Info: ... file 'iso.bbx' found.

(/usr/share/texlive/texmf-dist/tex/latex/biblatex-iso690/iso.bbx
File: iso.bbx 2017/04/25 v0.3.2 biblatex bibliography style

Space colon enabled: false
Showing total pages enabled: false
Short numeration enabled: false
Printing thesis info at the end enabled: true

Package biblatex Warning: 'edtf' date format specifier is deprecated.
(biblatex)                Use 'iso' instead.

))
Package biblatex Info: Trying to load citation style 'iso-numeric'...
Package biblatex Info: ... file 'iso-numeric.cbx' found.
 (/usr/share/texlive/texmf-dist/tex/latex/biblatex-iso690/iso-numeric.cbx
File: iso-numeric.cbx 2017/04/25 v0.3.2 biblatex citation style
Package biblatex Info: Trying to load citation style 'numeric'...
Package biblatex Info: ... file 'numeric.cbx' found.

(/usr/share/texlive/texmf-dist/tex/latex/biblatex/cbx/numeric.cbx
File: numeric.cbx 2018/11/02 v3.12 biblatex citation style (PK/MW)
Package biblatex Info: Redefining '\cite'.
Package biblatex Info: Redefining '\parencite'.
Package biblatex Info: Redefining '\footcite'.
Package biblatex Info: Redefining '\footcitetext'.
Package biblatex Info: Redefining '\smartcite'.
Package biblatex Info: Redefining '\supercite'.
Package biblatex Info: Redefining '\textcite'.
Package biblatex Info: Redefining '\textcites'.
Package biblatex Info: Redefining '\cites'.
Package biblatex Info: Redefining '\parencites'.
Package biblatex Info: Redefining '\smartcites'.
)
Package biblatex Info: Trying to load citation style 'iso-fullcite'...
Package biblatex Info: ... file 'iso-fullcite.cbx' found.

(/usr/share/texlive/texmf-dist/tex/latex/biblatex-iso690/iso-fullcite.cbx
Package biblatex Info: Redefining '\fullcite'.
Package biblatex Info: Redefining '\footfullcite'.
))
Package biblatex Info: Trying to load configuration file...
Package biblatex Info: ... file 'biblatex.cfg' found.

(/usr/share/texlive/texmf-dist/tex/latex/biblatex/biblatex.cfg
File: biblatex.cfg 
))
(/usr/share/texlive/texmf-dist/tex/latex/multirow/multirow.sty
Package: multirow 2019/01/01 v2.4 Span multiple rows of a table
\multirow@colwidth=\skip176
\multirow@cntb=\count474
\multirow@dima=\skip177
\bigstrutjot=\dimen318
)
(/usr/share/texlive/texmf-dist/tex/latex/arydshln/arydshln.sty
Package: arydshln 2019/02/21 v1.76 
\dashlinedash=\dimen319
\dashlinegap=\dimen320
\adl@box=\box59
\adl@height=\dimen321
\adl@heightsave=\dimen322
\adl@depth=\dimen323
\adl@depthsave=\dimen324
\adl@finaldepth=\dimen325
\adl@columns=\count475
\adl@ncol=\count476
\adl@currentcolumn=\count477
\adl@currentcolumnsave=\count478
\adl@totalheight=\count479
\adl@totalheightsave=\count480
\adl@dash=\count481
\adl@gap=\count482
\adl@cla=\count483
\adl@clb=\count484
\adl@everyvbox=\toks72
\adl@LTpagetotal=\dimen326
)
(/usr/share/texlive/texmf-dist/tex/latex/hyphenat/hyphenat.sty
Package: hyphenat 2009/09/02 v2.3c hyphenation utilities
\langwohyphens=\language85
LaTeX Info: Redefining \_ on input line 43.
)
(/usr/share/texlive/texmf-dist/tex/latex/setspace/setspace.sty
Package: setspace 2011/12/19 v6.7a set line spacing
)
(/usr/share/texlive/texmf-dist/tex/latex/hyperref/hyperref.sty
Package: hyperref 2018/11/30 v6.88e Hypertext links for LaTeX

(/usr/share/texlive/texmf-dist/tex/generic/oberdiek/hobsub-hyperref.sty
Package: hobsub-hyperref 2016/05/16 v1.14 Bundle oberdiek, subset hyperref (HO)


(/usr/share/texlive/texmf-dist/tex/generic/oberdiek/hobsub-generic.sty
Package: hobsub-generic 2016/05/16 v1.14 Bundle oberdiek, subset generic (HO)
Package: hobsub 2016/05/16 v1.14 Construct package bundles (HO)
Package hobsub Info: Skipping package `infwarerr' (already loaded).
Package hobsub Info: Skipping package `ltxcmds' (already loaded).
Package hobsub Info: Skipping package `ifluatex' (already loaded).
Package hobsub Info: Skipping package `ifvtex' (already loaded).
Package: intcalc 2016/05/16 v1.2 Expandable calculations with integers (HO)
Package hobsub Info: Skipping package `ifpdf' (already loaded).
Package hobsub Info: Skipping package `etexcmds' (already loaded).
Package hobsub Info: Skipping package `kvsetkeys' (already loaded).
Package: kvdefinekeys 2016/05/16 v1.4 Define keys (HO)
Package hobsub Info: Skipping package `pdftexcmds' (already loaded).
Package: pdfescape 2016/05/16 v1.14 Implements pdfTeX's escape features (HO)
Package: bigintcalc 2016/05/16 v1.4 Expandable calculations on big integers (HO
)
Package: bitset 2016/05/16 v1.2 Handle bit-vector datatype (HO)
Package: uniquecounter 2016/05/16 v1.3 Provide unlimited unique counter (HO)
)
Package hobsub Info: Skipping package `hobsub' (already loaded).
Package: letltxmacro 2016/05/16 v1.5 Let assignment for LaTeX macros (HO)
Package: hopatch 2016/05/16 v1.3 Wrapper for package hooks (HO)
Package: xcolor-patch 2016/05/16 xcolor patch
Package: atveryend 2016/05/16 v1.9 Hooks at the very end of document (HO)
Package hobsub Info: Skipping package `atbegshi' (already loaded).
Package: refcount 2016/05/16 v3.5 Data extraction from label references (HO)
Package: hycolor 2016/05/16 v1.8 Color options for hyperref/bookmark (HO)
)
(/usr/share/texlive/texmf-dist/tex/latex/oberdiek/auxhook.sty
Package: auxhook 2016/05/16 v1.4 Hooks for auxiliary files (HO)


Package auxhook Warning: Cannot patch \document,
(auxhook)                using \AtBeginDocument instead.

)
\@linkdim=\dimen327
\Hy@linkcounter=\count485
\Hy@pagecounter=\count486
 (/usr/share/texlive/texmf-dist/tex/latex/hyperref/pd1enc.def
File: pd1enc.def 2018/11/30 v6.88e Hyperref: PDFDocEncoding definition (HO)
Now handling font encoding PD1 ...
... no UTF-8 mapping file for font encoding PD1
)
\Hy@SavedSpaceFactor=\count487

(/usr/share/texlive/texmf-dist/tex/latex/latexconfig/hyperref.cfg
File: hyperref.cfg 2002/06/06 v1.2 hyperref configuration of TeXLive
)
Package hyperref Info: Option `unicode' set `true' on input line 4393.

(/usr/share/texlive/texmf-dist/tex/latex/hyperref/puenc.def
File: puenc.def 2018/11/30 v6.88e Hyperref: PDF Unicode definition (HO)
Now handling font encoding PU ...
... no UTF-8 mapping file for font encoding PU
)
(/usr/share/texlive/texmf-dist/tex/generic/oberdiek/stringenc.sty
Package: stringenc 2016/05/16 v1.11 Convert strings between diff. encodings (HO
)
)
Package hyperref Info: Option `psdextra' set `true' on input line 4393.

(/usr/share/texlive/texmf-dist/tex/latex/hyperref/psdextra.def
File: psdextra.def 2018/11/30 v6.88e Hyperref: Additions to PDF string support
)
Package hyperref Info: Hyper figures OFF on input line 4519.
Package hyperref Info: Link nesting OFF on input line 4524.
Package hyperref Info: Hyper index ON on input line 4527.
Package hyperref Info: Plain pages OFF on input line 4534.
Package hyperref Info: Backreferencing OFF on input line 4539.
Package hyperref Info: Implicit mode ON; LaTeX internals redefined.
Package hyperref Info: Bookmarks ON on input line 4772.
\c@Hy@tempcnt=\count488
LaTeX Info: Redefining \url on input line 5125.
\XeTeXLinkMargin=\dimen328
\Fld@menulength=\count489
\Field@Width=\dimen329
\Fld@charsize=\dimen330
Package hyperref Info: Hyper figures OFF on input line 6380.
Package hyperref Info: Link nesting OFF on input line 6385.
Package hyperref Info: Hyper index ON on input line 6388.
Package hyperref Info: backreferencing OFF on input line 6395.
Package hyperref Info: Link coloring OFF on input line 6400.
Package hyperref Info: Link coloring with OCG OFF on input line 6405.
Package hyperref Info: PDF/A mode OFF on input line 6410.
LaTeX Info: Redefining \ref on input line 6450.
LaTeX Info: Redefining \pageref on input line 6454.
\Hy@abspage=\count490
\c@Item=\count491
\c@Hfootnote=\count492
)
Package hyperref Info: Driver (autodetected): hpdftex.

(/usr/share/texlive/texmf-dist/tex/latex/hyperref/hpdftex.def
File: hpdftex.def 2018/11/30 v6.88e Hyperref driver for pdfTeX
\Fld@listcount=\count493
\c@bookmark@seq@number=\count494

(/usr/share/texlive/texmf-dist/tex/latex/oberdiek/rerunfilecheck.sty
Package: rerunfilecheck 2016/05/16 v1.8 Rerun checks for auxiliary files (HO)
Package uniquecounter Info: New unique counter `rerunfilecheck' on input line 2
82.
)
\Hy@SectionHShift=\skip178
)
(/usr/share/texlive/texmf-dist/tex/latex/float/float.sty
Package: float 2001/11/08 v1.3d Float enhancements (AL)
\c@float@type=\count495
\float@exts=\toks73
\float@box=\box60
\@float@everytoks=\toks74
\@floatcapt=\box61
)
\@float@every@graffigures=\toks75
\c@graffigures=\count496

(/usr/share/texlive/texmf-dist/tex/latex/caption/caption.sty
Package: caption 2018/10/06 v3.3-154 Customizing captions (AR)

(/usr/share/texlive/texmf-dist/tex/latex/caption/caption3.sty
Package: caption3 2018/09/12 v1.8c caption3 kernel (AR)
Package caption3 Info: TeX engine: e-TeX on input line 64.
\captionmargin=\dimen331
\captionmargin@=\dimen332
\captionwidth=\dimen333
\caption@tempdima=\dimen334
\caption@indent=\dimen335
\caption@parindent=\dimen336
\caption@hangindent=\dimen337
)
\c@caption@flags=\count497
\c@ContinuedFloat=\count498
Package caption Info: float package is loaded.
Package caption Info: hyperref package is loaded.
) (./settings.tex) (/usr/share/texlive/texmf-dist/tex/generic/oberdiek/se-pdfdo
c.def
File: se-pdfdoc.def 2016/05/16 v1.11 stringenc: PDFDocEncoding
)
Package hyperref Info: Option `colorlinks' set `false' on input line 371.
Package biblatex Info: Trying to load language 'czech' -> 'czech-iso'...
Package biblatex Info: ... file 'czech-iso.lbx' found.

(/usr/share/texlive/texmf-dist/tex/latex/biblatex-iso690/czech-iso.lbx
File: czech-iso.lbx 2017/04/25 v0.3.2 biblatex localization
Package biblatex Info: Trying to load language 'czech'...
Package biblatex Info: ... file 'czech.lbx' found.

(/usr/share/texlive/texmf-dist/tex/latex/biblatex/lbx/czech.lbx
File: czech.lbx 2018/11/02 v3.12 biblatex localization (PK/MW)
)
Package biblatex Info: Trying to load language 'czech'...
Package biblatex Info: ... file 'czech.lbx' found.

(/usr/share/texlive/texmf-dist/tex/latex/biblatex/lbx/czech.lbx
File: czech.lbx 2018/11/02 v3.12 biblatex localization (PK/MW)
))

Package biblatex Warning: 'babel/polyglossia' detected but 'csquotes' missing.
(biblatex)                Loading 'csquotes' recommended.

\@quotelevel=\count499
\@quotereset=\count500
(./projekt.aux)
\openout1 = `projekt.aux'.

LaTeX Font Info:    Checking defaults for OML/cmm/m/it on input line 374.
LaTeX Font Info:    ... okay on input line 374.
LaTeX Font Info:    Checking defaults for T1/cmr/m/n on input line 374.
LaTeX Font Info:    ... okay on input line 374.
LaTeX Font Info:    Checking defaults for OT1/cmr/m/n on input line 374.
LaTeX Font Info:    ... okay on input line 374.
LaTeX Font Info:    Checking defaults for OMS/cmsy/m/n on input line 374.
LaTeX Font Info:    ... okay on input line 374.
LaTeX Font Info:    Checking defaults for OMX/cmex/m/n on input line 374.
LaTeX Font Info:    ... okay on input line 374.
LaTeX Font Info:    Checking defaults for U/cmr/m/n on input line 374.
LaTeX Font Info:    ... okay on input line 374.
LaTeX Font Info:    Checking defaults for PD1/pdf/m/n on input line 374.
LaTeX Font Info:    ... okay on input line 374.
LaTeX Font Info:    Checking defaults for PU/pdf/m/n on input line 374.
LaTeX Font Info:    ... okay on input line 374.
LaTeX Font Info:    Try loading font information for T1+ptm on input line 374.
 (/usr/share/texlive/texmf-dist/tex/latex/psnfss/t1ptm.fd
File: t1ptm.fd 2001/06/04 font definitions for T1/ptm.
)
*geometry* driver: auto-detecting
*geometry* detected driver: pdftex
*geometry* verbose mode - [ preamble ] result:
* driver: pdftex
* paper: a4paper
* layout: <same size as paper>
* layoutoffset:(h,v)=(0.0pt,0.0pt)
* modes: 
* h-part:(L,W,R)=(99.58464pt, 441.01773pt, 56.9055pt)
* v-part:(T,H,B)=(85.35826pt, 674.33032pt, 85.35826pt)
* \paperwidth=597.50787pt
* \paperheight=845.04684pt
* \textwidth=441.01773pt
* \textheight=674.33032pt
* \oddsidemargin=27.31465pt
* \evensidemargin=27.31465pt
* \topmargin=-23.91173pt
* \headheight=12.0pt
* \headsep=25.0pt
* \topskip=12.0pt
* \footskip=30.0pt
* \marginparwidth=35.0pt
* \marginparsep=10.0pt
* \columnsep=10.0pt
* \skip\footins=10.8pt plus 4.0pt minus 2.0pt
* \hoffset=0.0pt
* \voffset=0.0pt
* \mag=1000
* \@twocolumnfalse
* \@twosidefalse
* \@mparswitchfalse
* \@reversemarginfalse
* (1in=72.27pt=25.4mm, 1cm=28.453pt)

LaTeX Info: Redefining \celsius on input line 374.
Package gensymb Info: Faking symbols for \degree and \celsius on input line 374
.

Package gensymb Warning: Not defining \perthousand.

LaTeX Info: Redefining \ohm on input line 374.
Package gensymb Info: Using \Omega for \ohm on input line 374.

Package gensymb Warning: Not defining \micro.

(/usr/share/texlive/texmf-dist/tex/context/base/mkii/supp-pdf.mkii
[Loading MPS to PDF converter (version 2006.09.02).]
\scratchcounter=\count501
\scratchdimen=\dimen338
\scratchbox=\box62
\nofMPsegments=\count502
\nofMParguments=\count503
\everyMPshowfont=\toks76
\MPscratchCnt=\count504
\MPscratchDim=\dimen339
\MPnumerator=\count505
\makeMPintoPDFobject=\count506
\everyMPtoPDFconversion=\toks77
) (/usr/share/texlive/texmf-dist/tex/latex/oberdiek/epstopdf-base.sty
Package: epstopdf-base 2016/05/15 v2.6 Base part for package epstopdf

(/usr/share/texlive/texmf-dist/tex/latex/oberdiek/grfext.sty
Package: grfext 2016/05/16 v1.2 Manage graphics extensions (HO)
)
Package epstopdf-base Info: Redefining graphics rule for `.eps' on input line 4
38.
Package grfext Info: Graphics extension search list:
(grfext)             [.pdf,.png,.jpg,.mps,.jpeg,.jbig2,.jb2,.PDF,.PNG,.JPG,.JPE
G,.JBIG2,.JB2,.eps]
(grfext)             \AppendGraphicsExtensions on input line 456.

(/usr/share/texlive/texmf-dist/tex/latex/latexconfig/epstopdf-sys.cfg
File: epstopdf-sys.cfg 2010/07/13 v1.3 Configuration of (r)epstopdf for TeX Liv
e
))
\AtBeginShipoutBox=\box63

(/usr/share/texlive/texmf-dist/tex/latex/oberdiek/pdflscape.sty
Package: pdflscape 2016/05/14 v0.11 Display of landscape pages in PDF (HO)

(/usr/share/texlive/texmf-dist/tex/latex/graphics/lscape.sty
Package: lscape 2000/10/22 v3.01 Landscape Pages (DPC)
)
Package pdflscape Info: Auto-detected driver: pdftex on input line 81.
)
Package biblatex Info: Input encoding 'utf8' detected.
Package biblatex Info: Automatic encoding selection.
(biblatex)             Assuming data encoding 'utf8'.
\openout4 = `projekt.bcf'.

Package biblatex Info: Trying to load bibliographic data...
Package biblatex Info: ... file 'projekt.bbl' found.
 (./projekt.bbl)
Package biblatex Info: Reference section=0 on input line 374.
Package biblatex Info: Reference segment=0 on input line 374.
Package hyperref Info: Link coloring OFF on input line 374.

(/usr/share/texlive/texmf-dist/tex/latex/hyperref/nameref.sty
Package: nameref 2016/05/21 v2.44 Cross-referencing by name of section

(/usr/share/texlive/texmf-dist/tex/generic/oberdiek/gettitlestring.sty
Package: gettitlestring 2016/05/16 v1.5 Cleanup title references (HO)
)
\c@section@level=\count507
)
LaTeX Info: Redefining \ref on input line 374.
LaTeX Info: Redefining \pageref on input line 374.
LaTeX Info: Redefining \nameref on input line 374.

(./projekt.out) (./projekt.out)
\@outlinefile=\write5
\openout5 = `projekt.out'.

Package caption Info: Begin \AtBeginDocument code.
Package caption Info: End \AtBeginDocument code.
\openout3 = `projekt.mx1'.

 (../titlepage.tex
LaTeX Font Info:    Font shape `T1/ptm/bx/n' in size <24.88> not available
(Font)              Font shape `T1/ptm/b/n' tried instead on input line 11.
 [1

{/var/lib/texmf/fonts/map/pdftex/updmap/pdftex.map}]) (./abstract.tex
LaTeX Font Info:    Font shape `T1/ptm/bx/n' in size <17.28> not available
(Font)              Font shape `T1/ptm/b/n' tried instead on input line 1.
LaTeX Font Info:    Font shape `T1/ptm/bx/n' in size <14.4> not available
(Font)              Font shape `T1/ptm/b/n' tried instead on input line 4.
)pdfTeX warning (ext4): destination with the same identifier (name{page.1}) has
 been already used, duplicate ignored
<to be read again> 
                   \relax 
l.377 \insertabstract
                      [1]
<assignment.pdf, id=34, 597.50829pt x 845.0471pt>
File: assignment.pdf Graphic file (type pdf)
<use assignment.pdf>
Package pdftex.def Info: assignment.pdf  used on input line 378.
(pdftex.def)             Requested size: 597.50682pt x 845.04504pt.
File: assignment.pdf Graphic file (type pdf)
<use assignment.pdf>
Package pdftex.def Info: assignment.pdf  used on input line 378.
(pdftex.def)             Requested size: 597.50682pt x 845.04504pt.
<assignment.pdf, id=37, page=1, 597.50829pt x 845.0471pt>
File: assignment.pdf Graphic file (type pdf)
<use assignment.pdf, page 1>
Package pdftex.def Info: assignment.pdf , page1 used on input line 378.
(pdftex.def)             Requested size: 597.50682pt x 845.04504pt.
File: assignment.pdf Graphic file (type pdf)
<use assignment.pdf, page 1>
Package pdftex.def Info: assignment.pdf , page1 used on input line 378.
(pdftex.def)             Requested size: 597.53416pt x 845.08372pt.
File: assignment.pdf Graphic file (type pdf)
<use assignment.pdf, page 1>
Package pdftex.def Info: assignment.pdf , page1 used on input line 378.
(pdftex.def)             Requested size: 597.53416pt x 845.08372pt.
File: assignment.pdf Graphic file (type pdf)
<use assignment.pdf, page 1>
Package pdftex.def Info: assignment.pdf , page1 used on input line 378.
(pdftex.def)             Requested size: 597.53416pt x 845.08372pt.
File: assignment.pdf Graphic file (type pdf)
<use assignment.pdf, page 1>
Package pdftex.def Info: assignment.pdf , page1 used on input line 378.
(pdftex.def)             Requested size: 597.53416pt x 845.08372pt.
 [2 <./assignment.pdf>]
<assignment.pdf, id=53, page=2, 597.50829pt x 845.0471pt>
File: assignment.pdf Graphic file (type pdf)
<use assignment.pdf, page 2>
Package pdftex.def Info: assignment.pdf , page2 used on input line 378.
(pdftex.def)             Requested size: 597.53416pt x 845.08372pt.
File: assignment.pdf Graphic file (type pdf)
<use assignment.pdf, page 2>
Package pdftex.def Info: assignment.pdf , page2 used on input line 378.
(pdftex.def)             Requested size: 597.53416pt x 845.08372pt.
File: assignment.pdf Graphic file (type pdf)
<use assignment.pdf, page 2>
Package pdftex.def Info: assignment.pdf , page2 used on input line 378.
(pdftex.def)             Requested size: 597.53416pt x 845.08372pt.
 [3 <./assignment.pdf>]
(./affidavit.tex (/usr/share/texlive/texmf-dist/tex/latex/amsfonts/umsa.fd)
(/usr/share/texlive/texmf-dist/tex/latex/amsfonts/umsb.fd))
Underfull \hbox (badness 10000) in paragraph at lines 17--379


\hbox(0.0+0.0)x441.01773 []

[4] (./acknowledgments.tex) [5] (./projekt.toc
LaTeX Font Info:    Font shape `T1/ptm/bx/n' in size <12> not available
(Font)              Font shape `T1/ptm/b/n' tried instead on input line 4.
)
\tf@toc=\write6
\openout6 = `projekt.toc'.

pdfTeX warning (ext4): destination with the same identifier (name{page.1}) has 
been already used, duplicate ignored
<to be read again> 
                   \relax 
l.385 \inserttableofcontents
                             [1] (./listofabbreviations.tex)pdfTeX warning (ext
4): destination with the same identifier (name{page.2}) has been already used, 
duplicate ignored
<to be read again> 
                   \relax 
l.386 \insertlistofabbreviations
                                 [2] (./projekt.lof)
\tf@lof=\write7
\openout7 = `projekt.lof'.

pdfTeX warning (ext4): destination with the same identifier (name{page.3}) has 
been already used, duplicate ignored
<to be read again> 
                   \relax 
l.387 \insertlistoffigures
                           [3] (./projekt.ext)
\tf@ext=\write8
\openout8 = `projekt.ext'.

pdfTeX warning (ext4): destination with the same identifier (name{page.4}) has 
been already used, duplicate ignored
<to be read again> 
                   \relax 
l.388 \insertlistofgraphs
                          [4] (./projekt.lot)
\tf@lot=\write9
\openout9 = `projekt.lot'.

pdfTeX warning (ext4): destination with the same identifier (name{page.5}) has 
been already used, duplicate ignored
<to be read again> 
                   \relax 
l.389 \insertlistoftables
                          [5] (./content/waved01_obsah.tex
LaTeX Font Info:    Try loading font information for OMS+ptm on input line 6.

(/usr/share/texlive/texmf-dist/tex/latex/psnfss/omsptm.fd
File: omsptm.fd 
)
LaTeX Font Info:    Font shape `OMS/ptm/m/n' in size <12> not available
(Font)              Font shape `OMS/cmsy/m/n' tried instead on input line 6.
<pics/tux.png, id=104, 803.0pt x 930.47626pt>
File: pics/tux.png Graphic file (type png)
<use pics/tux.png>
Package pdftex.def Info: pics/tux.png  used on input line 11.
(pdftex.def)             Requested size: 142.26378pt x 164.83768pt.
<pics/graph.png, id=106, 512.8761pt x 258.9675pt>
File: pics/graph.png Graphic file (type png)
<use pics/graph.png>
Package pdftex.def Info: pics/graph.png  used on input line 13.
(pdftex.def)             Requested size: 341.43306pt x 172.40878pt.


Package caption Warning: The caption type was already set to `figure'
(caption)                 on input line 13.
See the caption package documentation for explanation.

Package hyperref Info: bookmark level for unknown graffigures defaults to 0 on 
input line 13.

Package caption Warning: The option `hypcap=true' will be ignored for this
(caption)                particular \caption on input line 19.
See the caption package documentation for explanation.

) (./content/waved02_obsah.tex

Package Fancyhdr Warning: \headheight is too small (12.0pt): 
Make it at least 14.49998pt.
We now make it that large for the rest of the document.
This may cause the page layout to be inconsistent, however.

[6 <./pics/tux.png> <./pics/graph.png>]) (./content/waved03_obsah.tex) [7]
[8]

Package biblatex Warning: Name format 'last-first' deprecated.
(biblatex)                Please use 'family-given' instead.
(biblatex)                Using 'family-given' now.


Package biblatex Warning: '\mkdaterangeedtf' is deprecated.
(biblatex)                Please use '\mkdaterangeiso'.

LaTeX Font Info:    Try loading font information for T1+pcr on input line 407.
(/usr/share/texlive/texmf-dist/tex/latex/psnfss/t1pcr.fd
File: t1pcr.fd 2001/06/04 font definitions for T1/pcr.
)

Package Fancyhdr Warning: \headheight is too small (14.49998pt): 
Make it at least 15.42601pt.
We now make it that large for the rest of the document.
This may cause the page layout to be inconsistent, however.

[9

] (./appendices.tex)
Package atveryend Info: Empty hook `BeforeClearDocument' on input line 419.
 [10

]
Package atveryend Info: Empty hook `AfterLastShipout' on input line 419.
 (./projekt.aux)
Package atveryend Info: Executing hook `AtVeryEndDocument' on input line 419.
Package atveryend Info: Executing hook `AtEndAfterFileList' on input line 419.
Package rerunfilecheck Info: File `projekt.out' has not changed.
(rerunfilecheck)             Checksum: B71CBD5DA64A79387EF56CE1729870DC;609.


LaTeX Warning: There were undefined references.


Package biblatex Warning: Please rerun LaTeX.

Package logreq Info: Writing requests to 'projekt.run.xml'.
\openout1 = `projekt.run.xml'.

 ) 
Here is how much of TeX's memory you used:
 32949 strings out of 492615
 534057 string characters out of 6131389
 957485 words of memory out of 5000000
 36366 multiletter control sequences out of 15000+600000
 652898 words of font info for 222 fonts, out of 8000000 for 9000
 1141 hyphenation exceptions out of 8191
 44i,18n,63p,1188b,2553s stack positions out of 5000i,500n,10000p,200000b,80000s
{/usr/share/texlive/texmf-dist/fonts/enc/dvips/base/8r.enc}</usr/share/texliv
e/texmf-dist/fonts/type1/public/amsfonts/cm/cmbx12.pfb></usr/share/texlive/texm
f-dist/fonts/type1/public/amsfonts/cm/cmmi12.pfb></usr/share/texlive/texmf-dist
/fonts/type1/public/amsfonts/cm/cmr12.pfb></usr/share/texlive/texmf-dist/fonts/
type1/public/amsfonts/cm/cmr17.pfb></usr/share/texlive/texmf-dist/fonts/type1/p
ublic/amsfonts/cm/cmr8.pfb></usr/share/texlive/texmf-dist/fonts/type1/public/am
sfonts/cm/cmsy10.pfb></usr/share/texlive/texmf-dist/fonts/type1/public/amsfonts
/cm/cmsy8.pfb></usr/share/texlive/texmf-dist/fonts/type1/public/musixtex-fonts/
musix20.pfb></usr/share/texlive/texmf-dist/fonts/type1/public/musixtex-fonts/mu
sixspx.pfb></usr/share/texlive/texmf-dist/fonts/type1/urw/courier/ucrr8a.pfb></
usr/share/texlive/texmf-dist/fonts/type1/urw/times/utmb8a.pfb></usr/share/texli
ve/texmf-dist/fonts/type1/urw/times/utmr8a.pfb></usr/share/texlive/texmf-dist/f
onts/type1/urw/times/utmri8a.pfb>
Output written on projekt.pdf (16 pages, 296721 bytes).
PDF statistics:
 214 PDF objects out of 1000 (max. 8388607)
 172 compressed objects within 2 object streams
 45 named destinations out of 1000 (max. 500000)
 68 words of extra memory for PDF output out of 10000 (max. 10000000)

